<?xml version="1.0" encoding="UTF-8"?>
<!-- Generated by org.testng.reporters.JUnitXMLReporter -->
<testsuite hostname="Home" ignored="1" name="Demo" tests="1" failures="0" timestamp="03 Mar 2018 17:29:21 GMT" time="0.02" errors="0">
  <testcase name="first" time="0.003" classname="com.well.SeleniumFramework.UserdefineTests.UserDefinedTest"/>
  <testcase name="second" time="0.0" classname="com.well.SeleniumFramework.UserdefineTests.UserDefinedTest">
    <ignored/>
  </testcase> <!-- second -->
</testsuite> <!-- Demo -->
