<?xml version="1.0" encoding="UTF-8"?>
<testng-results skipped="0" failed="0" total="0" passed="0">
  <reporter-output>
  </reporter-output>
  <suite name="com.utest.WellDotFeleniumFramework.AppTest" duration-ms="4" started-at="2018-02-19T21:37:54Z" finished-at="2018-02-19T21:37:54Z">
    <groups>
    </groups>
    <test name="Command line test" duration-ms="4" started-at="2018-02-19T21:37:54Z" finished-at="2018-02-19T21:37:54Z">
    </test> <!-- Command line test -->
  </suite> <!-- com.utest.WellDotFeleniumFramework.AppTest -->
</testng-results>
