<?xml version="1.0" encoding="UTF-8"?>
<testng-results skipped="0" failed="0" ignored="1" total="2" passed="1">
  <reporter-output>
  </reporter-output>
  <suite name="1" duration-ms="20" started-at="2018-03-03T17:29:21Z" finished-at="2018-03-03T17:29:21Z">
    <groups>
    </groups>
    <test name="Demo" duration-ms="20" started-at="2018-03-03T17:29:21Z" finished-at="2018-03-03T17:29:21Z">
      <class name="com.well.SeleniumFramework.UserdefineTests.UserDefinedTest">
        <test-method status="PASS" signature="first()[pri:0, instance:com.well.SeleniumFramework.UserdefineTests.UserDefinedTest@2f112965]" name="first" duration-ms="3" started-at="2018-03-03T12:29:21Z" finished-at="2018-03-03T12:29:21Z">
          <reporter-output>
          </reporter-output>
        </test-method> <!-- first -->
      </class> <!-- com.well.SeleniumFramework.UserdefineTests.UserDefinedTest -->
    </test> <!-- Demo -->
  </suite> <!-- 1 -->
</testng-results>
